<?xml version="1.0" encoding="UTF-8"?>
<!-- Generated by org.testng.reporters.JUnitReportReporter -->
<testsuite hostname="abdulraheemPC" failures="0" tests="18" name="AutoPractce.AutoPractce.myTestCases" time="25.723" errors="0" timestamp="2025-07-20T17:31:40 EET" skipped="11">
  <testcase classname="AutoPractce.AutoPractce.myTestCases" name="calender" time="3.065"/>
  <testcase classname="AutoPractce.AutoPractce.myTestCases" name="calenderAdd" time="4.026"/>
  <testcase classname="AutoPractce.AutoPractce.myTestCases" name="CalendrRead" time="4.786"/>
  <testcase classname="AutoPractce.AutoPractce.myTestCases" name="calenderupdate" time="4.022"/>
  <testcase classname="AutoPractce.AutoPractce.myTestCases" name="CalendrReadAfterUpdate" time="5.214"/>
  <testcase classname="AutoPractce.AutoPractce.myTestCases" name="calenderDelete" time="0.026"/>
  <testcase classname="AutoPractce.AutoPractce.myTestCases" name="Iframe" time="4.584"/>
  <testcase classname="AutoPractce.AutoPractce.myTestCases" name="open_tab">
    <skipped/>
  </testcase> <!-- open_tab -->
  <testcase classname="AutoPractce.AutoPractce.myTestCases" name="hideAndShow">
    <skipped/>
  </testcase> <!-- hideAndShow -->
  <testcase classname="AutoPractce.AutoPractce.myTestCases" name="RadioButton">
    <skipped/>
  </testcase> <!-- RadioButton -->
  <testcase classname="AutoPractce.AutoPractce.myTestCases" name="Dynamic_Dropdown_Example">
    <skipped/>
  </testcase> <!-- Dynamic_Dropdown_Example -->
  <testcase classname="AutoPractce.AutoPractce.myTestCases" name="open_window">
    <skipped/>
  </testcase> <!-- open_window -->
  <testcase classname="AutoPractce.AutoPractce.myTestCases" name="select_tag">
    <skipped/>
  </testcase> <!-- select_tag -->
  <testcase classname="AutoPractce.AutoPractce.myTestCases" name="MouseHover">
    <skipped/>
  </testcase> <!-- MouseHover -->
  <testcase classname="AutoPractce.AutoPractce.myTestCases" name="Table">
    <skipped/>
  </testcase> <!-- Table -->
  <testcase classname="AutoPractce.AutoPractce.myTestCases" name="alertAndConfirm">
    <skipped/>
  </testcase> <!-- alertAndConfirm -->
  <testcase classname="AutoPractce.AutoPractce.myTestCases" name="disableAndEnable">
    <skipped/>
  </testcase> <!-- disableAndEnable -->
  <testcase classname="AutoPractce.AutoPractce.myTestCases" name="CheckBox">
    <skipped/>
  </testcase> <!-- CheckBox -->
</testsuite> <!-- AutoPractce.AutoPractce.myTestCases -->
